mode: set
layered/architecture/delivery/delivery.go:19.46,21.2 1 1
layered/architecture/delivery/delivery.go:23.74,27.16 3 1
layered/architecture/delivery/delivery.go:32.2,32.13 1 1
layered/architecture/delivery/delivery.go:37.2,39.17 2 1
layered/architecture/delivery/delivery.go:27.16,31.3 3 0
layered/architecture/delivery/delivery.go:32.13,36.3 3 0
layered/architecture/delivery/delivery.go:39.17,42.3 2 0
layered/architecture/delivery/delivery.go:42.8,43.19 1 1
layered/architecture/delivery/delivery.go:43.19,46.4 2 0
layered/architecture/delivery/delivery.go:46.9,48.4 1 1
layered/architecture/delivery/delivery.go:53.76,57.9 3 1
layered/architecture/delivery/delivery.go:70.2,72.17 2 1
layered/architecture/delivery/delivery.go:77.2,77.20 1 1
layered/architecture/delivery/delivery.go:80.2,80.37 1 1
layered/architecture/delivery/delivery.go:57.9,59.18 2 0
layered/architecture/delivery/delivery.go:64.3,64.21 1 0
layered/architecture/delivery/delivery.go:67.3,68.9 2 0
layered/architecture/delivery/delivery.go:59.18,63.4 3 0
layered/architecture/delivery/delivery.go:64.21,66.4 1 0
layered/architecture/delivery/delivery.go:72.17,76.3 3 0
layered/architecture/delivery/delivery.go:77.20,79.3 1 0
layered/architecture/delivery/delivery.go:83.79,85.16 2 1
layered/architecture/delivery/delivery.go:88.2,90.16 3 1
layered/architecture/delivery/delivery.go:96.2,96.127 1 1
layered/architecture/delivery/delivery.go:101.2,102.17 2 1
layered/architecture/delivery/delivery.go:107.2,108.37 2 1
layered/architecture/delivery/delivery.go:85.16,87.3 1 0
layered/architecture/delivery/delivery.go:90.16,94.3 3 0
layered/architecture/delivery/delivery.go:96.127,100.3 3 0
layered/architecture/delivery/delivery.go:102.17,106.3 3 0
layered/architecture/delivery/delivery.go:111.78,114.16 3 1
layered/architecture/delivery/delivery.go:119.2,123.16 4 1
layered/architecture/delivery/delivery.go:128.2,128.44 1 1
layered/architecture/delivery/delivery.go:133.2,133.125 1 1
layered/architecture/delivery/delivery.go:138.2,140.17 2 1
layered/architecture/delivery/delivery.go:145.2,145.18 1 1
layered/architecture/delivery/delivery.go:150.2,150.37 1 1
layered/architecture/delivery/delivery.go:114.16,118.3 3 0
layered/architecture/delivery/delivery.go:123.16,127.3 3 0
layered/architecture/delivery/delivery.go:128.44,132.3 3 0
layered/architecture/delivery/delivery.go:133.125,137.3 3 0
layered/architecture/delivery/delivery.go:140.17,144.3 3 0
layered/architecture/delivery/delivery.go:145.18,149.3 3 0
layered/architecture/delivery/delivery.go:154.81,158.16 3 0
layered/architecture/delivery/delivery.go:163.2,164.17 2 0
layered/architecture/delivery/delivery.go:169.2,169.18 1 0
layered/architecture/delivery/delivery.go:174.2,174.37 1 0
layered/architecture/delivery/delivery.go:158.16,162.3 3 0
layered/architecture/delivery/delivery.go:164.17,168.3 3 0
layered/architecture/delivery/delivery.go:169.18,173.3 3 0
