mode: set
layered/architecture/store/store.go:13.32,15.2 1 0
layered/architecture/store/store.go:17.21,19.18 2 1
layered/architecture/store/store.go:24.2,25.18 2 1
layered/architecture/store/store.go:28.2,28.30 1 1
layered/architecture/store/store.go:19.18,20.15 1 0
layered/architecture/store/store.go:25.18,26.23 1 0
layered/architecture/store/store.go:31.67,37.16 5 1
layered/architecture/store/store.go:41.2,43.18 2 1
layered/architecture/store/store.go:47.2,47.18 1 1
layered/architecture/store/store.go:37.16,39.3 1 0
layered/architecture/store/store.go:43.18,45.3 1 1
layered/architecture/store/store.go:50.76,53.16 3 1
layered/architecture/store/store.go:58.2,60.16 2 1
layered/architecture/store/store.go:63.2,65.18 2 1
layered/architecture/store/store.go:71.2,71.22 1 1
layered/architecture/store/store.go:53.16,56.3 2 1
layered/architecture/store/store.go:60.16,62.3 1 0
layered/architecture/store/store.go:65.18,69.3 3 1
layered/architecture/store/store.go:74.86,81.16 6 1
layered/architecture/store/store.go:85.2,87.17 2 1
layered/architecture/store/store.go:81.16,83.3 1 0
layered/architecture/store/store.go:87.17,89.3 1 0
layered/architecture/store/store.go:89.8,97.17 8 1
layered/architecture/store/store.go:104.3,104.34 1 0
layered/architecture/store/store.go:97.17,103.4 5 1
layered/architecture/store/store.go:108.94,109.25 1 1
layered/architecture/store/store.go:116.2,118.34 3 1
layered/architecture/store/store.go:122.2,122.33 1 1
layered/architecture/store/store.go:126.2,126.39 1 1
layered/architecture/store/store.go:130.2,135.16 5 1
layered/architecture/store/store.go:138.2,141.18 4 1
layered/architecture/store/store.go:144.2,144.18 1 1
layered/architecture/store/store.go:109.25,112.17 3 1
layered/architecture/store/store.go:112.17,114.4 1 0
layered/architecture/store/store.go:118.34,121.3 2 1
layered/architecture/store/store.go:122.33,125.3 2 1
layered/architecture/store/store.go:126.39,129.3 2 1
layered/architecture/store/store.go:135.16,137.3 1 0
layered/architecture/store/store.go:141.18,143.3 1 1
layered/architecture/store/store.go:147.66,150.16 3 1
layered/architecture/store/store.go:153.2,154.18 2 1
layered/architecture/store/store.go:158.2,160.16 3 1
layered/architecture/store/store.go:163.2,163.18 1 1
layered/architecture/store/store.go:150.16,152.3 1 0
layered/architecture/store/store.go:154.18,156.3 1 0
layered/architecture/store/store.go:160.16,162.3 1 0
